71043__Norman_Wells_Ua__NT_YVQ 12
71043__Norman_Wells_Ua__NT_YVQ 1
71043__Norman_Wells_Ua__NT_YVQ 2
71043__Norman_Wells_Ua__NT_YVQ 6
71043__Norman_Wells_Ua__NT_YVQ 7
71043__Norman_Wells_Ua__NT_YVQ 8
71043__Norman_Wells_Ua__NT_YVQ 3
71043__Norman_Wells_Ua__NT_YVQ 4
71043__Norman_Wells_Ua__NT_YVQ 5
71043__Norman_Wells_Ua__NT_YVQ 9
71043__Norman_Wells_Ua__NT_YVQ 10
71043__Norman_Wells_Ua__NT_YVQ 11
71081__Hall_Beach__NT_YUX 12
71081__Hall_Beach__NT_YUX 1
71081__Hall_Beach__NT_YUX 2
71081__Hall_Beach__NT_YUX 6
71081__Hall_Beach__NT_YUX 7
71081__Hall_Beach__NT_YUX 8
71081__Hall_Beach__NT_YUX 3
71081__Hall_Beach__NT_YUX 4
71081__Hall_Beach__NT_YUX 5
71081__Hall_Beach__NT_YUX 9
71081__Hall_Beach__NT_YUX 10
71081__Hall_Beach__NT_YUX 11
71082__Alert__NT_WLT 12
71082__Alert__NT_WLT 1
71082__Alert__NT_WLT 2
71082__Alert__NT_WLT 6
71082__Alert__NT_WLT 7
71082__Alert__NT_WLT 8
71082__Alert__NT_WLT 3
71082__Alert__NT_WLT 4
71082__Alert__NT_WLT 5
71082__Alert__NT_WLT 9
71082__Alert__NT_WLT 10
71082__Alert__NT_WLT 11
71906__Kuujjuaq__QB_YVP 12
71906__Kuujjuaq__QB_YVP 1
71906__Kuujjuaq__QB_YVP 2
71906__Kuujjuaq__QB_YVP 6
71906__Kuujjuaq__QB_YVP 7
71906__Kuujjuaq__QB_YVP 8
71906__Kuujjuaq__QB_YVP 3
71906__Kuujjuaq__QB_YVP 4
71906__Kuujjuaq__QB_YVP 5
71906__Kuujjuaq__QB_YVP 9
71906__Kuujjuaq__QB_YVP 10
71906__Kuujjuaq__QB_YVP 11
71907__Inukjuak__QB_WPH 12
71907__Inukjuak__QB_WPH 1
71907__Inukjuak__QB_WPH 2
71907__Inukjuak__QB_WPH 6
71907__Inukjuak__QB_WPH 7
71907__Inukjuak__QB_WPH 8
71907__Inukjuak__QB_WPH 3
71907__Inukjuak__QB_WPH 4
71907__Inukjuak__QB_WPH 5
71907__Inukjuak__QB_WPH 9
71907__Inukjuak__QB_WPH 10
71907__Inukjuak__QB_WPH 11
71917__Eureka__NT_WEU 12
71917__Eureka__NT_WEU 1
71917__Eureka__NT_WEU 2
71917__Eureka__NT_WEU 6
71917__Eureka__NT_WEU 7
71917__Eureka__NT_WEU 8
71917__Eureka__NT_WEU 3
71917__Eureka__NT_WEU 4
71917__Eureka__NT_WEU 5
71917__Eureka__NT_WEU 9
71917__Eureka__NT_WEU 10
71917__Eureka__NT_WEU 11
71925__Cambridge_Bay__NT_YCB 12
71925__Cambridge_Bay__NT_YCB 1
71925__Cambridge_Bay__NT_YCB 2
71925__Cambridge_Bay__NT_YCB 6
71925__Cambridge_Bay__NT_YCB 7
71925__Cambridge_Bay__NT_YCB 8
71925__Cambridge_Bay__NT_YCB 3
71925__Cambridge_Bay__NT_YCB 4
71925__Cambridge_Bay__NT_YCB 5
71925__Cambridge_Bay__NT_YCB 9
71925__Cambridge_Bay__NT_YCB 10
71925__Cambridge_Bay__NT_YCB 11
71926__Baker_Lake__NT_YBK 12
71926__Baker_Lake__NT_YBK 1
71926__Baker_Lake__NT_YBK 2
71926__Baker_Lake__NT_YBK 6
71926__Baker_Lake__NT_YBK 7
71926__Baker_Lake__NT_YBK 8
71926__Baker_Lake__NT_YBK 3
71926__Baker_Lake__NT_YBK 4
71926__Baker_Lake__NT_YBK 5
71926__Baker_Lake__NT_YBK 9
71926__Baker_Lake__NT_YBK 10
71926__Baker_Lake__NT_YBK 11
71934__Fort_Smith__NT_YSM 12
71934__Fort_Smith__NT_YSM 1
71934__Fort_Smith__NT_YSM 2
71934__Fort_Smith__NT_YSM 6
71934__Fort_Smith__NT_YSM 7
71934__Fort_Smith__NT_YSM 8
71934__Fort_Smith__NT_YSM 3
71934__Fort_Smith__NT_YSM 4
71934__Fort_Smith__NT_YSM 5
71934__Fort_Smith__NT_YSM 9
71934__Fort_Smith__NT_YSM 10
71934__Fort_Smith__NT_YSM 11
71957__Inuvik__NT_YEV 12
71957__Inuvik__NT_YEV 1
71957__Inuvik__NT_YEV 2
71957__Inuvik__NT_YEV 6
71957__Inuvik__NT_YEV 7
71957__Inuvik__NT_YEV 8
71957__Inuvik__NT_YEV 3
71957__Inuvik__NT_YEV 4
71957__Inuvik__NT_YEV 5
71957__Inuvik__NT_YEV 9
71957__Inuvik__NT_YEV 10
71957__Inuvik__NT_YEV 11
00000_Iqaluit_NU 12
00000_Iqaluit_NU 1
00000_Iqaluit_NU 2
00000_Iqaluit_NU 6
00000_Iqaluit_NU 7
00000_Iqaluit_NU 8
00000_Iqaluit_NU 3
00000_Iqaluit_NU 4
00000_Iqaluit_NU 5
00000_Iqaluit_NU 9
00000_Iqaluit_NU 10
00000_Iqaluit_NU 11
00000_Sachs_Harbour 12
00000_Sachs_Harbour 1
00000_Sachs_Harbour 2
00000_Sachs_Harbour 6
00000_Sachs_Harbour 7
00000_Sachs_Harbour 8
00000_Sachs_Harbour 3
00000_Sachs_Harbour 4
00000_Sachs_Harbour 5
00000_Sachs_Harbour 9
00000_Sachs_Harbour 10
00000_Sachs_Harbour 11
